<?xml version="1.0" encoding="UTF-8"?>
<!-- Generated by org.testng.reporters.JUnitReportReporter -->
<testsuite hostname="Sabarinathans-MacBook-Air.local" failures="0" tests="2" name="businessComponents.Login" time="13.025" errors="0" timestamp="2023-05-11T10:15:47 IST" skipped="0">
  <testcase classname="businessComponents.Login" name="loginAdmin" time="7.174"/>
  <system-out/>
  <testcase classname="businessComponents.Login" name="method" time="5.851"/>
  <system-out/>
</testsuite> <!-- businessComponents.Login -->
