<?xml version="1.0" encoding="UTF-8"?>
<!-- Generated by org.testng.reporters.JUnitReportReporter -->
<testsuite hostname="Sabarinathans-MacBook-Air.local" failures="0" tests="1" name="supportLib.ReusableLib" time="0.002" errors="0" timestamp="2023-05-10T17:54:11 IST" skipped="0">
  <testcase classname="supportLib.ReusableLib" name="method" time="0.002"/>
  <system-out/>
</testsuite> <!-- supportLib.ReusableLib -->
