<?xml version="1.0" encoding="UTF-8"?>
<!-- Generated by org.testng.reporters.JUnitReportReporter -->
<testsuite hostname="Sabarinathans-MacBook-Air.local" failures="0" tests="10" name="businessComponents.DemoAtt" time="0.008" errors="0" timestamp="2023-05-11T14:20:58 IST" skipped="0">
  <testcase classname="businessComponents.DemoAtt" name="exceldata" time="0.000"/>
  <system-out/>
  <testcase classname="businessComponents.DemoAtt" name="exceldata" time="0.001"/>
  <system-out/>
  <testcase classname="businessComponents.DemoAtt" name="exceldata" time="0.003"/>
  <system-out/>
  <testcase classname="businessComponents.DemoAtt" name="exceldata" time="0.000"/>
  <system-out/>
  <testcase classname="businessComponents.DemoAtt" name="std" time="0.000"/>
  <system-out/>
  <testcase classname="businessComponents.DemoAtt" name="hrSec" time="0.001"/>
  <system-out/>
  <testcase classname="businessComponents.DemoAtt" name="ug" time="0.001"/>
  <system-out/>
  <testcase classname="businessComponents.DemoAtt" name="pg" time="0.000"/>
  <system-out/>
  <testcase classname="businessComponents.DemoAtt" name="pHD" time="0.001"/>
  <system-out/>
  <testcase classname="businessComponents.DemoAtt" name="dr" time="0.001"/>
  <system-out/>
</testsuite> <!-- businessComponents.DemoAtt -->
