<?xml version="1.0" encoding="UTF-8"?>
<!-- Generated by org.testng.reporters.JUnitReportReporter -->
<testsuite hostname="Sabarinathans-MacBook-Air.local" failures="0" tests="4" name="businessComponents.Dashboard" time="2.716" errors="0" timestamp="2023-05-11T12:06:47 IST" skipped="3">
  <testcase classname="businessComponents.Dashboard" name="invokeAdminLogin" time="2.716"/>
  <system-out/>
  <testcase classname="businessComponents.Dashboard" name="validateAdminPage">
    <skipped/>
  </testcase> <!-- validateAdminPage -->
  <system-out/>
  <testcase classname="businessComponents.Dashboard" name="validateTitle">
    <skipped/>
  </testcase> <!-- validateTitle -->
  <system-out/>
  <testcase classname="businessComponents.Dashboard" name="editSystemuser">
    <skipped/>
  </testcase> <!-- editSystemuser -->
  <system-out/>
</testsuite> <!-- businessComponents.Dashboard -->
