<?xml version="1.0" encoding="UTF-8"?>
<!-- Generated by org.testng.reporters.JUnitReportReporter -->
<testsuite hostname="Sabarinathans-MacBook-Air.local" failures="0" tests="1" name="com.TestNGAnnotation.sampleTestCase" time="3.074" errors="0" timestamp="2023-05-08T19:29:56 IST" skipped="0">
  <testcase classname="com.TestNGAnnotation.sampleTestCase" name="validateInput" time="3.074"/>
  <system-out/>
</testsuite> <!-- com.TestNGAnnotation.sampleTestCase -->
