<?xml version="1.0" encoding="UTF-8"?>
<!-- Generated by org.testng.reporters.JUnitReportReporter -->
<testsuite hostname="Sabarinathans-MacBook-Air.local" failures="0" tests="5" name="com.TestNGAttributes.EnabledAtt" time="0.001" errors="0" timestamp="2023-05-08T21:07:26 IST" skipped="1">
  <testcase classname="com.TestNGAttributes.EnabledAtt" name="firstTC" time="0.000"/>
  <system-out/>
  <testcase classname="com.TestNGAttributes.EnabledAtt" name="thirdTC" time="0.000"/>
  <system-out/>
  <testcase classname="com.TestNGAttributes.EnabledAtt" name="forthTC" time="0.001"/>
  <system-out/>
  <testcase classname="com.TestNGAttributes.EnabledAtt" name="fifthTC" time="0.000"/>
  <system-out/>
  <testcase classname="com.TestNGAttributes.EnabledAtt" name="secountTC">
    <skipped/>
  </testcase> <!-- secountTC -->
  <system-out/>
</testsuite> <!-- com.TestNGAttributes.EnabledAtt -->
