<?xml version="1.0" encoding="UTF-8"?>
<!-- Generated by org.testng.reporters.JUnitReportReporter -->
<testsuite hostname="Sabarinathans-MacBook-Air.local" failures="0" tests="4" name="com.TestNGAttributes.JXLDataProvider" time="0.005" errors="0" timestamp="2023-05-11T12:30:28 IST" skipped="0">
  <testcase classname="com.TestNGAttributes.JXLDataProvider" name="loginData" time="0.001"/>
  <system-out/>
  <testcase classname="com.TestNGAttributes.JXLDataProvider" name="loginData" time="0.001"/>
  <system-out/>
  <testcase classname="com.TestNGAttributes.JXLDataProvider" name="loginData" time="0.002"/>
  <system-out/>
  <testcase classname="com.TestNGAttributes.JXLDataProvider" name="loginData" time="0.001"/>
  <system-out/>
</testsuite> <!-- com.TestNGAttributes.JXLDataProvider -->
