<?xml version="1.0" encoding="UTF-8"?>
<!-- Generated by org.testng.reporters.JUnitReportReporter -->
<testsuite hostname="Sabarinathans-MacBook-Air.local" failures="0" tests="1" name="com.TestNGAnnotation.AnnotationTree" time="0.070" errors="0" timestamp="2023-05-08T18:42:32 IST" skipped="0">
  <testcase classname="com.TestNGAnnotation.AnnotationTree" name="openURl" time="0.070"/>
  <system-out/>
</testsuite> <!-- com.TestNGAnnotation.AnnotationTree -->
