<?xml version="1.0" encoding="UTF-8"?>
<!-- Generated by org.testng.reporters.JUnitReportReporter -->
<testsuite hostname="Sabarinathans-MacBook-Air.local" failures="0" tests="2" name="com.TestNGAttributes.SampleTestCase" time="0.004" errors="0" timestamp="2023-05-08T21:26:43 IST" skipped="0">
  <testcase classname="com.TestNGAttributes.SampleTestCase" name="aMyFirstTC" time="0.003"/>
  <system-out/>
  <testcase classname="com.TestNGAttributes.SampleTestCase" name="helloWorld" time="0.001"/>
  <system-out/>
</testsuite> <!-- com.TestNGAttributes.SampleTestCase -->
