<?xml version="1.0" encoding="UTF-8"?>
<!-- Generated by org.testng.reporters.JUnitReportReporter -->
<testsuite hostname="Sabarinathans-MacBook-Air.local" failures="0" tests="5" name="com.TestNGAttributes.DependOnMethod" time="0.003" errors="0" timestamp="2023-05-08T21:07:26 IST" skipped="0">
  <testcase classname="com.TestNGAttributes.DependOnMethod" name="pgDg" time="0.001"/>
  <system-out/>
  <testcase classname="com.TestNGAttributes.DependOnMethod" name="hrStd" time="0.000"/>
  <system-out/>
  <testcase classname="com.TestNGAttributes.DependOnMethod" name="phd" time="0.001"/>
  <system-out/>
  <testcase classname="com.TestNGAttributes.DependOnMethod" name="schooling" time="0.000"/>
  <system-out/>
  <testcase classname="com.TestNGAttributes.DependOnMethod" name="ugDg" time="0.001"/>
  <system-out/>
</testsuite> <!-- com.TestNGAttributes.DependOnMethod -->
