<?xml version="1.0" encoding="UTF-8"?>
<!-- Generated by org.testng.reporters.JUnitReportReporter -->
<testsuite hostname="Sabarinathans-MacBook-Air.local" failures="0" tests="4" name="com.TestNGAttributes.DataProviderAtt" time="0.002" errors="0" timestamp="2023-05-09T17:34:38 IST" skipped="0">
  <testcase classname="com.TestNGAttributes.DataProviderAtt" name="loginCredentials" time="0.002"/>
  <system-out/>
  <testcase classname="com.TestNGAttributes.DataProviderAtt" name="loginCredentials" time="0.000"/>
  <system-out/>
  <testcase classname="com.TestNGAttributes.DataProviderAtt" name="loginCredentials" time="0.000"/>
  <system-out/>
  <testcase classname="com.TestNGAttributes.DataProviderAtt" name="loginCredentials" time="0.000"/>
  <system-out/>
</testsuite> <!-- com.TestNGAttributes.DataProviderAtt -->
