<?xml version="1.0" encoding="UTF-8"?>
<!-- Generated by org.testng.reporters.JUnitReportReporter -->
<testsuite hostname="Sabarinathans-MacBook-Air.local" failures="0" tests="5" name="com.TestNGAttributes.PriorityAtt" time="0.002" errors="0" timestamp="2023-05-08T21:07:26 IST" skipped="0">
  <testcase classname="com.TestNGAttributes.PriorityAtt" name="firstTC" time="0.000"/>
  <system-out/>
  <testcase classname="com.TestNGAttributes.PriorityAtt" name="secountTC" time="0.000"/>
  <system-out/>
  <testcase classname="com.TestNGAttributes.PriorityAtt" name="thirdTC" time="0.001"/>
  <system-out/>
  <testcase classname="com.TestNGAttributes.PriorityAtt" name="forthTC" time="0.000"/>
  <system-out/>
  <testcase classname="com.TestNGAttributes.PriorityAtt" name="fifthTC" time="0.001"/>
  <system-out/>
</testsuite> <!-- com.TestNGAttributes.PriorityAtt -->
