<?xml version="1.0" encoding="UTF-8"?>
<!-- Generated by org.testng.reporters.JUnitReportReporter -->
<testsuite hostname="Sabarinathans-MacBook-Air.local" failures="0" tests="4" name="com.TestNGAttributes.DependsOnGroup" time="0.005" errors="0" timestamp="2023-05-08T21:17:12 IST" skipped="0">
  <testcase classname="com.TestNGAttributes.DependsOnGroup" name="iphone" time="0.001"/>
  <system-out/>
  <testcase classname="com.TestNGAttributes.DependsOnGroup" name="ipad" time="0.001"/>
  <system-out/>
  <testcase classname="com.TestNGAttributes.DependsOnGroup" name="macbook" time="0.000"/>
  <system-out/>
  <testcase classname="com.TestNGAttributes.DependsOnGroup" name="appleMarket" time="0.003"/>
  <system-out/>
</testsuite> <!-- com.TestNGAttributes.DependsOnGroup -->
